  [1m[35m (6.9ms)[0m  [1m[34mSELECT sqlite_version(*)[0m
  [1m[35m (163.9ms)[0m  [1m[35mCREATE TABLE "schema_migrations" ("version" varchar NOT NULL PRIMARY KEY)[0m
  [1m[35m (137.2ms)[0m  [1m[35mCREATE TABLE "ar_internal_metadata" ("key" varchar NOT NULL PRIMARY KEY, "value" varchar, "created_at" datetime(6) NOT NULL, "updated_at" datetime(6) NOT NULL)[0m
  [1m[36mActiveRecord::SchemaMigration Pluck (0.3ms)[0m  [1m[34mSELECT "schema_migrations"."version" FROM "schema_migrations" ORDER BY "schema_migrations"."version" ASC[0m
Migrating to CreateAuthors (20220809234147)
  [1m[36mTRANSACTION (0.1ms)[0m  [1m[36mbegin transaction[0m
  [1m[35m (0.5ms)[0m  [1m[35mCREATE TABLE "authors" ("id" integer PRIMARY KEY AUTOINCREMENT NOT NULL, "created_at" datetime(6) NOT NULL, "updated_at" datetime(6) NOT NULL)[0m
  [1m[36mActiveRecord::SchemaMigration Create (0.3ms)[0m  [1m[32mINSERT INTO "schema_migrations" ("version") VALUES (?)[0m  [["version", "20220809234147"]]
  [1m[36mTRANSACTION (136.2ms)[0m  [1m[36mcommit transaction[0m
Migrating to CreateBooks (20220809234241)
  [1m[36mTRANSACTION (0.1ms)[0m  [1m[36mbegin transaction[0m
  [1m[35m (0.4ms)[0m  [1m[35mCREATE TABLE "books" ("id" integer PRIMARY KEY AUTOINCREMENT NOT NULL, "author_id" integer NOT NULL, "created_at" datetime(6) NOT NULL, "updated_at" datetime(6) NOT NULL, CONSTRAINT "fk_rails_53d51ce16a"
FOREIGN KEY ("author_id")
  REFERENCES "authors" ("id")
)[0m
  [1m[35m (0.2ms)[0m  [1m[35mCREATE INDEX "index_books_on_author_id" ON "books" ("author_id")[0m
  [1m[36mActiveRecord::SchemaMigration Create (0.1ms)[0m  [1m[32mINSERT INTO "schema_migrations" ("version") VALUES (?)[0m  [["version", "20220809234241"]]
  [1m[36mTRANSACTION (125.4ms)[0m  [1m[36mcommit transaction[0m
Migrating to CreateProviders (20220809234724)
  [1m[36mTRANSACTION (0.1ms)[0m  [1m[36mbegin transaction[0m
  [1m[35m (0.6ms)[0m  [1m[35mCREATE TABLE "providers" ("id" integer PRIMARY KEY AUTOINCREMENT NOT NULL, "created_at" datetime(6) NOT NULL, "updated_at" datetime(6) NOT NULL)[0m
  [1m[36mActiveRecord::SchemaMigration Create (0.3ms)[0m  [1m[32mINSERT INTO "schema_migrations" ("version") VALUES (?)[0m  [["version", "20220809234724"]]
  [1m[36mTRANSACTION (131.7ms)[0m  [1m[36mcommit transaction[0m
Migrating to CreateAccounts (20220809234810)
  [1m[36mTRANSACTION (0.1ms)[0m  [1m[36mbegin transaction[0m
  [1m[35m (0.5ms)[0m  [1m[35mCREATE TABLE "accounts" ("id" integer PRIMARY KEY AUTOINCREMENT NOT NULL, "provider_id" integer NOT NULL, "created_at" datetime(6) NOT NULL, "updated_at" datetime(6) NOT NULL, CONSTRAINT "fk_rails_25523b481f"
FOREIGN KEY ("provider_id")
  REFERENCES "providers" ("id")
)[0m
  [1m[35m (0.3ms)[0m  [1m[35mCREATE INDEX "index_accounts_on_provider_id" ON "accounts" ("provider_id")[0m
  [1m[36mActiveRecord::SchemaMigration Create (0.2ms)[0m  [1m[32mINSERT INTO "schema_migrations" ("version") VALUES (?)[0m  [["version", "20220809234810"]]
  [1m[36mTRANSACTION (122.4ms)[0m  [1m[36mcommit transaction[0m
Migrating to CreateParts (20220809235107)
  [1m[36mTRANSACTION (0.1ms)[0m  [1m[36mbegin transaction[0m
  [1m[35m (0.5ms)[0m  [1m[35mCREATE TABLE "parts" ("id" integer PRIMARY KEY AUTOINCREMENT NOT NULL, "provider_id" integer NOT NULL, "created_at" datetime(6) NOT NULL, "updated_at" datetime(6) NOT NULL, CONSTRAINT "fk_rails_73b2fc4d42"
FOREIGN KEY ("provider_id")
  REFERENCES "providers" ("id")
)[0m
  [1m[35m (0.2ms)[0m  [1m[35mCREATE INDEX "index_parts_on_provider_id" ON "parts" ("provider_id")[0m
  [1m[36mActiveRecord::SchemaMigration Create (0.1ms)[0m  [1m[32mINSERT INTO "schema_migrations" ("version") VALUES (?)[0m  [["version", "20220809235107"]]
  [1m[36mTRANSACTION (126.0ms)[0m  [1m[36mcommit transaction[0m
Migrating to CreateMountings (20220809235336)
  [1m[36mTRANSACTION (0.1ms)[0m  [1m[36mbegin transaction[0m
  [1m[35m (0.6ms)[0m  [1m[35mCREATE TABLE "mountings" ("id" integer PRIMARY KEY AUTOINCREMENT NOT NULL, "book_id" integer NOT NULL, "created_at" datetime(6) NOT NULL, "updated_at" datetime(6) NOT NULL, CONSTRAINT "fk_rails_f46a28fa64"
FOREIGN KEY ("book_id")
  REFERENCES "books" ("id")
)[0m
  [1m[35m (0.3ms)[0m  [1m[35mCREATE INDEX "index_mountings_on_book_id" ON "mountings" ("book_id")[0m
  [1m[36mActiveRecord::SchemaMigration Create (0.3ms)[0m  [1m[32mINSERT INTO "schema_migrations" ("version") VALUES (?)[0m  [["version", "20220809235336"]]
  [1m[36mTRANSACTION (130.8ms)[0m  [1m[36mcommit transaction[0m
  [1m[36mActiveRecord::InternalMetadata Load (0.4ms)[0m  [1m[34mSELECT "ar_internal_metadata".* FROM "ar_internal_metadata" WHERE "ar_internal_metadata"."key" = ? LIMIT ?[0m  [["key", "environment"], ["LIMIT", 1]]
  [1m[36mTRANSACTION (0.1ms)[0m  [1m[36mbegin transaction[0m
  [1m[36mActiveRecord::InternalMetadata Create (0.5ms)[0m  [1m[32mINSERT INTO "ar_internal_metadata" ("key", "value", "created_at", "updated_at") VALUES (?, ?, ?, ?)[0m  [["key", "environment"], ["value", "development"], ["created_at", "2022-08-10 00:26:20.275236"], ["updated_at", "2022-08-10 00:26:20.275236"]]
  [1m[36mTRANSACTION (104.6ms)[0m  [1m[36mcommit transaction[0m
  [1m[35m (0.2ms)[0m  [1m[34mSELECT sqlite_version(*)[0m
  [1m[36mActiveRecord::SchemaMigration Pluck (0.3ms)[0m  [1m[34mSELECT "schema_migrations"."version" FROM "schema_migrations" ORDER BY "schema_migrations"."version" ASC[0m
  [1m[35m (0.3ms)[0m  [1m[34mSELECT sqlite_version(*)[0m
  [1m[36mActiveRecord::SchemaMigration Pluck (0.1ms)[0m  [1m[34mSELECT "schema_migrations"."version" FROM "schema_migrations" ORDER BY "schema_migrations"."version" ASC[0m
  [1m[36mActiveRecord::InternalMetadata Load (0.1ms)[0m  [1m[34mSELECT "ar_internal_metadata".* FROM "ar_internal_metadata" WHERE "ar_internal_metadata"."key" = ? LIMIT ?[0m  [["key", "environment"], ["LIMIT", 1]]
  [1m[35m (0.0ms)[0m  [1m[34mSELECT sqlite_version(*)[0m
  [1m[36mActiveRecord::SchemaMigration Pluck (0.1ms)[0m  [1m[34mSELECT "schema_migrations"."version" FROM "schema_migrations" ORDER BY "schema_migrations"."version" ASC[0m
  [1m[35m (0.3ms)[0m  [1m[34mSELECT sqlite_version(*)[0m
  [1m[36mActiveRecord::SchemaMigration Pluck (0.1ms)[0m  [1m[34mSELECT "schema_migrations"."version" FROM "schema_migrations" ORDER BY "schema_migrations"."version" ASC[0m
  [1m[36mActiveRecord::InternalMetadata Pluck (0.1ms)[0m  [1m[34mSELECT "ar_internal_metadata"."value" FROM "ar_internal_metadata" WHERE "ar_internal_metadata"."key" = ? LIMIT ?[0m  [["key", "environment"], ["LIMIT", 1]]
  [1m[36mActiveRecord::SchemaMigration Pluck (0.0ms)[0m  [1m[34mSELECT "schema_migrations"."version" FROM "schema_migrations" ORDER BY "schema_migrations"."version" ASC[0m
  [1m[36mActiveRecord::InternalMetadata Pluck (0.0ms)[0m  [1m[34mSELECT "ar_internal_metadata"."value" FROM "ar_internal_metadata" WHERE "ar_internal_metadata"."key" = ? LIMIT ?[0m  [["key", "environment"], ["LIMIT", 1]]
  [1m[36mActiveRecord::SchemaMigration Pluck (0.0ms)[0m  [1m[34mSELECT "schema_migrations"."version" FROM "schema_migrations" ORDER BY "schema_migrations"."version" ASC[0m
  [1m[36mActiveRecord::InternalMetadata Pluck (0.0ms)[0m  [1m[34mSELECT "ar_internal_metadata"."value" FROM "ar_internal_metadata" WHERE "ar_internal_metadata"."key" = ? LIMIT ?[0m  [["key", "environment"], ["LIMIT", 1]]
  [1m[35m (0.0ms)[0m  [1m[34mSELECT sqlite_version(*)[0m
  [1m[35m (0.0ms)[0m  [1m[34mSELECT sqlite_version(*)[0m
  [1m[35m (0.0ms)[0m  [1m[34mSELECT sqlite_version(*)[0m
  [1m[35m (0.0ms)[0m  [1m[35mDROP TABLE IF EXISTS "accounts"[0m
  [1m[35m (132.7ms)[0m  [1m[35mCREATE TABLE "accounts" ("id" integer PRIMARY KEY AUTOINCREMENT NOT NULL, "provider_id" integer NOT NULL, "created_at" datetime(6) NOT NULL, "updated_at" datetime(6) NOT NULL)[0m
  [1m[35m (230.2ms)[0m  [1m[35mCREATE INDEX "index_accounts_on_provider_id" ON "accounts" ("provider_id")[0m
  [1m[35m (0.2ms)[0m  [1m[35mDROP TABLE IF EXISTS "authors"[0m
  [1m[35m (129.7ms)[0m  [1m[35mCREATE TABLE "authors" ("id" integer PRIMARY KEY AUTOINCREMENT NOT NULL, "created_at" datetime(6) NOT NULL, "updated_at" datetime(6) NOT NULL)[0m
  [1m[35m (0.2ms)[0m  [1m[35mDROP TABLE IF EXISTS "books"[0m
  [1m[35m (129.7ms)[0m  [1m[35mCREATE TABLE "books" ("id" integer PRIMARY KEY AUTOINCREMENT NOT NULL, "author_id" integer NOT NULL, "created_at" datetime(6) NOT NULL, "updated_at" datetime(6) NOT NULL)[0m
  [1m[35m (122.7ms)[0m  [1m[35mCREATE INDEX "index_books_on_author_id" ON "books" ("author_id")[0m
  [1m[35m (0.2ms)[0m  [1m[35mDROP TABLE IF EXISTS "mountings"[0m
  [1m[35m (130.2ms)[0m  [1m[35mCREATE TABLE "mountings" ("id" integer PRIMARY KEY AUTOINCREMENT NOT NULL, "book_id" integer NOT NULL, "created_at" datetime(6) NOT NULL, "updated_at" datetime(6) NOT NULL)[0m
  [1m[35m (121.0ms)[0m  [1m[35mCREATE INDEX "index_mountings_on_book_id" ON "mountings" ("book_id")[0m
  [1m[35m (0.2ms)[0m  [1m[35mDROP TABLE IF EXISTS "parts"[0m
  [1m[35m (130.3ms)[0m  [1m[35mCREATE TABLE "parts" ("id" integer PRIMARY KEY AUTOINCREMENT NOT NULL, "provider_id" integer NOT NULL, "created_at" datetime(6) NOT NULL, "updated_at" datetime(6) NOT NULL)[0m
  [1m[35m (131.9ms)[0m  [1m[35mCREATE INDEX "index_parts_on_provider_id" ON "parts" ("provider_id")[0m
  [1m[35m (0.3ms)[0m  [1m[35mDROP TABLE IF EXISTS "providers"[0m
  [1m[35m (130.2ms)[0m  [1m[35mCREATE TABLE "providers" ("id" integer PRIMARY KEY AUTOINCREMENT NOT NULL, "created_at" datetime(6) NOT NULL, "updated_at" datetime(6) NOT NULL)[0m
  [1m[36mTRANSACTION (0.1ms)[0m  [1m[36mbegin transaction[0m
  [1m[35m (0.1ms)[0m  [1m[35mPRAGMA foreign_keys[0m
  [1m[35m (0.0ms)[0m  [1m[35mPRAGMA defer_foreign_keys[0m
  [1m[35m (0.0ms)[0m  [1m[35mPRAGMA defer_foreign_keys = ON[0m
  [1m[35m (0.0ms)[0m  [1m[35mPRAGMA foreign_keys = OFF[0m
  [1m[35m (0.1ms)[0m  [1m[35mCREATE TEMPORARY TABLE "aaccounts" ("id" integer NOT NULL PRIMARY KEY, "provider_id" integer NOT NULL, "created_at" datetime(6) NOT NULL, "updated_at" datetime(6) NOT NULL)[0m
  [1m[35m (0.1ms)[0m  [1m[35mCREATE INDEX "tindex_aaccounts_on_provider_id" ON "aaccounts" ("provider_id")[0m
  [1m[35m (0.0ms)[0m  [1m[32mINSERT INTO "aaccounts" ("id","provider_id","created_at","updated_at")
                     SELECT "id","provider_id","created_at","updated_at" FROM "accounts"[0m
  [1m[35m (0.1ms)[0m  [1m[35mDROP TABLE "accounts"[0m
  [1m[35m (0.1ms)[0m  [1m[35mCREATE TABLE "accounts" ("id" integer NOT NULL PRIMARY KEY, "provider_id" integer NOT NULL, "created_at" datetime(6) NOT NULL, "updated_at" datetime(6) NOT NULL, CONSTRAINT "fk_rails_25523b481f"
FOREIGN KEY ("provider_id")
  REFERENCES "providers" ("id")
)[0m
  [1m[35m (0.1ms)[0m  [1m[35mCREATE INDEX "index_accounts_on_provider_id" ON "accounts" ("provider_id")[0m
  [1m[35m (0.0ms)[0m  [1m[32mINSERT INTO "accounts" ("id","provider_id","created_at","updated_at")
                     SELECT "id","provider_id","created_at","updated_at" FROM "aaccounts"[0m
  [1m[35m (0.1ms)[0m  [1m[35mDROP TABLE "aaccounts"[0m
  [1m[35m (0.0ms)[0m  [1m[35mPRAGMA defer_foreign_keys = 0[0m
  [1m[35m (0.0ms)[0m  [1m[35mPRAGMA foreign_keys = 1[0m
  [1m[36mTRANSACTION (155.8ms)[0m  [1m[36mcommit transaction[0m
  [1m[36mTRANSACTION (0.1ms)[0m  [1m[36mbegin transaction[0m
  [1m[35m (0.1ms)[0m  [1m[35mPRAGMA foreign_keys[0m
  [1m[35m (0.1ms)[0m  [1m[35mPRAGMA defer_foreign_keys[0m
  [1m[35m (0.1ms)[0m  [1m[35mPRAGMA defer_foreign_keys = ON[0m
  [1m[35m (0.1ms)[0m  [1m[35mPRAGMA foreign_keys = OFF[0m
  [1m[35m (0.3ms)[0m  [1m[35mCREATE TEMPORARY TABLE "abooks" ("id" integer NOT NULL PRIMARY KEY, "author_id" integer NOT NULL, "created_at" datetime(6) NOT NULL, "updated_at" datetime(6) NOT NULL)[0m
  [1m[35m (0.3ms)[0m  [1m[35mCREATE INDEX "tindex_abooks_on_author_id" ON "abooks" ("author_id")[0m
  [1m[35m (0.2ms)[0m  [1m[32mINSERT INTO "abooks" ("id","author_id","created_at","updated_at")
                     SELECT "id","author_id","created_at","updated_at" FROM "books"[0m
  [1m[35m (0.4ms)[0m  [1m[35mDROP TABLE "books"[0m
  [1m[35m (0.3ms)[0m  [1m[35mCREATE TABLE "books" ("id" integer NOT NULL PRIMARY KEY, "author_id" integer NOT NULL, "created_at" datetime(6) NOT NULL, "updated_at" datetime(6) NOT NULL, CONSTRAINT "fk_rails_53d51ce16a"
FOREIGN KEY ("author_id")
  REFERENCES "authors" ("id")
)[0m
  [1m[35m (0.3ms)[0m  [1m[35mCREATE INDEX "index_books_on_author_id" ON "books" ("author_id")[0m
  [1m[35m (0.1ms)[0m  [1m[32mINSERT INTO "books" ("id","author_id","created_at","updated_at")
                     SELECT "id","author_id","created_at","updated_at" FROM "abooks"[0m
  [1m[35m (0.2ms)[0m  [1m[35mDROP TABLE "abooks"[0m
  [1m[35m (0.1ms)[0m  [1m[35mPRAGMA defer_foreign_keys = 0[0m
  [1m[35m (0.1ms)[0m  [1m[35mPRAGMA foreign_keys = 1[0m
  [1m[36mTRANSACTION (98.0ms)[0m  [1m[36mcommit transaction[0m
  [1m[36mTRANSACTION (0.1ms)[0m  [1m[36mbegin transaction[0m
  [1m[35m (0.1ms)[0m  [1m[35mPRAGMA foreign_keys[0m
  [1m[35m (0.1ms)[0m  [1m[35mPRAGMA defer_foreign_keys[0m
  [1m[35m (0.1ms)[0m  [1m[35mPRAGMA defer_foreign_keys = ON[0m
  [1m[35m (0.1ms)[0m  [1m[35mPRAGMA foreign_keys = OFF[0m
  [1m[35m (0.3ms)[0m  [1m[35mCREATE TEMPORARY TABLE "amountings" ("id" integer NOT NULL PRIMARY KEY, "book_id" integer NOT NULL, "created_at" datetime(6) NOT NULL, "updated_at" datetime(6) NOT NULL)[0m
  [1m[35m (0.2ms)[0m  [1m[35mCREATE INDEX "tindex_amountings_on_book_id" ON "amountings" ("book_id")[0m
  [1m[35m (0.1ms)[0m  [1m[32mINSERT INTO "amountings" ("id","book_id","created_at","updated_at")
                     SELECT "id","book_id","created_at","updated_at" FROM "mountings"[0m
  [1m[35m (0.4ms)[0m  [1m[35mDROP TABLE "mountings"[0m
  [1m[35m (0.3ms)[0m  [1m[35mCREATE TABLE "mountings" ("id" integer NOT NULL PRIMARY KEY, "book_id" integer NOT NULL, "created_at" datetime(6) NOT NULL, "updated_at" datetime(6) NOT NULL, CONSTRAINT "fk_rails_f46a28fa64"
FOREIGN KEY ("book_id")
  REFERENCES "books" ("id")
)[0m
  [1m[35m (0.2ms)[0m  [1m[35mCREATE INDEX "index_mountings_on_book_id" ON "mountings" ("book_id")[0m
  [1m[35m (0.1ms)[0m  [1m[32mINSERT INTO "mountings" ("id","book_id","created_at","updated_at")
                     SELECT "id","book_id","created_at","updated_at" FROM "amountings"[0m
  [1m[35m (0.2ms)[0m  [1m[35mDROP TABLE "amountings"[0m
  [1m[35m (0.1ms)[0m  [1m[35mPRAGMA defer_foreign_keys = 0[0m
  [1m[35m (0.1ms)[0m  [1m[35mPRAGMA foreign_keys = 1[0m
  [1m[36mTRANSACTION (100.9ms)[0m  [1m[36mcommit transaction[0m
  [1m[36mTRANSACTION (0.1ms)[0m  [1m[36mbegin transaction[0m
  [1m[35m (0.1ms)[0m  [1m[35mPRAGMA foreign_keys[0m
  [1m[35m (0.1ms)[0m  [1m[35mPRAGMA defer_foreign_keys[0m
  [1m[35m (0.1ms)[0m  [1m[35mPRAGMA defer_foreign_keys = ON[0m
  [1m[35m (0.1ms)[0m  [1m[35mPRAGMA foreign_keys = OFF[0m
  [1m[35m (0.3ms)[0m  [1m[35mCREATE TEMPORARY TABLE "aparts" ("id" integer NOT NULL PRIMARY KEY, "provider_id" integer NOT NULL, "created_at" datetime(6) NOT NULL, "updated_at" datetime(6) NOT NULL)[0m
  [1m[35m (0.2ms)[0m  [1m[35mCREATE INDEX "tindex_aparts_on_provider_id" ON "aparts" ("provider_id")[0m
  [1m[35m (0.1ms)[0m  [1m[32mINSERT INTO "aparts" ("id","provider_id","created_at","updated_at")
                     SELECT "id","provider_id","created_at","updated_at" FROM "parts"[0m
  [1m[35m (0.4ms)[0m  [1m[35mDROP TABLE "parts"[0m
  [1m[35m (0.3ms)[0m  [1m[35mCREATE TABLE "parts" ("id" integer NOT NULL PRIMARY KEY, "provider_id" integer NOT NULL, "created_at" datetime(6) NOT NULL, "updated_at" datetime(6) NOT NULL, CONSTRAINT "fk_rails_73b2fc4d42"
FOREIGN KEY ("provider_id")
  REFERENCES "providers" ("id")
)[0m
  [1m[35m (0.2ms)[0m  [1m[35mCREATE INDEX "index_parts_on_provider_id" ON "parts" ("provider_id")[0m
  [1m[35m (0.1ms)[0m  [1m[32mINSERT INTO "parts" ("id","provider_id","created_at","updated_at")
                     SELECT "id","provider_id","created_at","updated_at" FROM "aparts"[0m
  [1m[35m (0.2ms)[0m  [1m[35mDROP TABLE "aparts"[0m
  [1m[35m (0.1ms)[0m  [1m[35mPRAGMA defer_foreign_keys = 0[0m
  [1m[35m (0.1ms)[0m  [1m[35mPRAGMA foreign_keys = 1[0m
  [1m[36mTRANSACTION (100.8ms)[0m  [1m[36mcommit transaction[0m
  [1m[35m (120.9ms)[0m  [1m[35mCREATE TABLE "schema_migrations" ("version" varchar NOT NULL PRIMARY KEY)[0m
  [1m[36mActiveRecord::SchemaMigration Pluck (0.2ms)[0m  [1m[34mSELECT "schema_migrations"."version" FROM "schema_migrations" ORDER BY "schema_migrations"."version" ASC[0m
  [1m[35m (105.7ms)[0m  [1m[32mINSERT INTO "schema_migrations" (version) VALUES (20220809235336)[0m
  [1m[35m (97.0ms)[0m  [1m[32mINSERT INTO "schema_migrations" (version) VALUES
(20220809234147),
(20220809234241),
(20220809234724),
(20220809234810),
(20220809235107);

[0m
  [1m[35m (122.6ms)[0m  [1m[35mCREATE TABLE "ar_internal_metadata" ("key" varchar NOT NULL PRIMARY KEY, "value" varchar, "created_at" datetime(6) NOT NULL, "updated_at" datetime(6) NOT NULL)[0m
  [1m[36mActiveRecord::InternalMetadata Load (0.4ms)[0m  [1m[34mSELECT "ar_internal_metadata".* FROM "ar_internal_metadata" WHERE "ar_internal_metadata"."key" = ? LIMIT ?[0m  [["key", "environment"], ["LIMIT", 1]]
  [1m[36mTRANSACTION (0.0ms)[0m  [1m[36mbegin transaction[0m
  [1m[36mActiveRecord::InternalMetadata Create (0.1ms)[0m  [1m[32mINSERT INTO "ar_internal_metadata" ("key", "value", "created_at", "updated_at") VALUES (?, ?, ?, ?)[0m  [["key", "environment"], ["value", "development"], ["created_at", "2022-08-10 00:34:31.694809"], ["updated_at", "2022-08-10 00:34:31.694809"]]
  [1m[36mTRANSACTION (99.9ms)[0m  [1m[36mcommit transaction[0m
  [1m[36mActiveRecord::InternalMetadata Load (0.1ms)[0m  [1m[34mSELECT "ar_internal_metadata".* FROM "ar_internal_metadata" WHERE "ar_internal_metadata"."key" = ? LIMIT ?[0m  [["key", "environment"], ["LIMIT", 1]]
  [1m[36mActiveRecord::InternalMetadata Load (0.0ms)[0m  [1m[34mSELECT "ar_internal_metadata".* FROM "ar_internal_metadata" WHERE "ar_internal_metadata"."key" = ? LIMIT ?[0m  [["key", "schema_sha1"], ["LIMIT", 1]]
  [1m[36mTRANSACTION (0.0ms)[0m  [1m[36mbegin transaction[0m
  [1m[36mActiveRecord::InternalMetadata Create (0.1ms)[0m  [1m[32mINSERT INTO "ar_internal_metadata" ("key", "value", "created_at", "updated_at") VALUES (?, ?, ?, ?)[0m  [["key", "schema_sha1"], ["value", "09bbdf59c731fe55c4bc306c4e0ef9054d1939f4"], ["created_at", "2022-08-10 00:34:31.799073"], ["updated_at", "2022-08-10 00:34:31.799073"]]
  [1m[36mTRANSACTION (105.7ms)[0m  [1m[36mcommit transaction[0m
  [1m[35m (0.2ms)[0m  [1m[34mSELECT sqlite_version(*)[0m
  [1m[35m (0.2ms)[0m  [1m[35mDROP TABLE IF EXISTS "accounts"[0m
  [1m[35m (124.6ms)[0m  [1m[35mCREATE TABLE "accounts" ("id" integer PRIMARY KEY AUTOINCREMENT NOT NULL, "provider_id" integer NOT NULL, "created_at" datetime(6) NOT NULL, "updated_at" datetime(6) NOT NULL)[0m
  [1m[35m (121.7ms)[0m  [1m[35mCREATE INDEX "index_accounts_on_provider_id" ON "accounts" ("provider_id")[0m
  [1m[35m (0.3ms)[0m  [1m[35mDROP TABLE IF EXISTS "authors"[0m
  [1m[35m (129.5ms)[0m  [1m[35mCREATE TABLE "authors" ("id" integer PRIMARY KEY AUTOINCREMENT NOT NULL, "created_at" datetime(6) NOT NULL, "updated_at" datetime(6) NOT NULL)[0m
  [1m[35m (0.2ms)[0m  [1m[35mDROP TABLE IF EXISTS "books"[0m
  [1m[35m (131.0ms)[0m  [1m[35mCREATE TABLE "books" ("id" integer PRIMARY KEY AUTOINCREMENT NOT NULL, "author_id" integer NOT NULL, "created_at" datetime(6) NOT NULL, "updated_at" datetime(6) NOT NULL)[0m
  [1m[35m (121.7ms)[0m  [1m[35mCREATE INDEX "index_books_on_author_id" ON "books" ("author_id")[0m
  [1m[35m (0.2ms)[0m  [1m[35mDROP TABLE IF EXISTS "mountings"[0m
  [1m[35m (130.6ms)[0m  [1m[35mCREATE TABLE "mountings" ("id" integer PRIMARY KEY AUTOINCREMENT NOT NULL, "book_id" integer NOT NULL, "created_at" datetime(6) NOT NULL, "updated_at" datetime(6) NOT NULL)[0m
  [1m[35m (121.7ms)[0m  [1m[35mCREATE INDEX "index_mountings_on_book_id" ON "mountings" ("book_id")[0m
  [1m[35m (0.2ms)[0m  [1m[35mDROP TABLE IF EXISTS "parts"[0m
  [1m[35m (131.1ms)[0m  [1m[35mCREATE TABLE "parts" ("id" integer PRIMARY KEY AUTOINCREMENT NOT NULL, "provider_id" integer NOT NULL, "created_at" datetime(6) NOT NULL, "updated_at" datetime(6) NOT NULL)[0m
  [1m[35m (121.6ms)[0m  [1m[35mCREATE INDEX "index_parts_on_provider_id" ON "parts" ("provider_id")[0m
  [1m[35m (0.2ms)[0m  [1m[35mDROP TABLE IF EXISTS "providers"[0m
  [1m[35m (130.8ms)[0m  [1m[35mCREATE TABLE "providers" ("id" integer PRIMARY KEY AUTOINCREMENT NOT NULL, "created_at" datetime(6) NOT NULL, "updated_at" datetime(6) NOT NULL)[0m
  [1m[36mTRANSACTION (0.1ms)[0m  [1m[36mbegin transaction[0m
  [1m[35m (0.1ms)[0m  [1m[35mPRAGMA foreign_keys[0m
  [1m[35m (0.0ms)[0m  [1m[35mPRAGMA defer_foreign_keys[0m
  [1m[35m (0.0ms)[0m  [1m[35mPRAGMA defer_foreign_keys = ON[0m
  [1m[35m (0.0ms)[0m  [1m[35mPRAGMA foreign_keys = OFF[0m
  [1m[35m (0.1ms)[0m  [1m[35mCREATE TEMPORARY TABLE "aaccounts" ("id" integer NOT NULL PRIMARY KEY, "provider_id" integer NOT NULL, "created_at" datetime(6) NOT NULL, "updated_at" datetime(6) NOT NULL)[0m
  [1m[35m (0.1ms)[0m  [1m[35mCREATE INDEX "tindex_aaccounts_on_provider_id" ON "aaccounts" ("provider_id")[0m
  [1m[35m (0.0ms)[0m  [1m[32mINSERT INTO "aaccounts" ("id","provider_id","created_at","updated_at")
                     SELECT "id","provider_id","created_at","updated_at" FROM "accounts"[0m
  [1m[35m (0.1ms)[0m  [1m[35mDROP TABLE "accounts"[0m
  [1m[35m (0.1ms)[0m  [1m[35mCREATE TABLE "accounts" ("id" integer NOT NULL PRIMARY KEY, "provider_id" integer NOT NULL, "created_at" datetime(6) NOT NULL, "updated_at" datetime(6) NOT NULL, CONSTRAINT "fk_rails_25523b481f"
FOREIGN KEY ("provider_id")
  REFERENCES "providers" ("id")
)[0m
  [1m[35m (0.1ms)[0m  [1m[35mCREATE INDEX "index_accounts_on_provider_id" ON "accounts" ("provider_id")[0m
  [1m[35m (0.0ms)[0m  [1m[32mINSERT INTO "accounts" ("id","provider_id","created_at","updated_at")
                     SELECT "id","provider_id","created_at","updated_at" FROM "aaccounts"[0m
  [1m[35m (0.1ms)[0m  [1m[35mDROP TABLE "aaccounts"[0m
  [1m[35m (0.0ms)[0m  [1m[35mPRAGMA defer_foreign_keys = 0[0m
  [1m[35m (0.0ms)[0m  [1m[35mPRAGMA foreign_keys = 1[0m
  [1m[36mTRANSACTION (96.9ms)[0m  [1m[36mcommit transaction[0m
  [1m[36mTRANSACTION (0.1ms)[0m  [1m[36mbegin transaction[0m
  [1m[35m (0.1ms)[0m  [1m[35mPRAGMA foreign_keys[0m
  [1m[35m (0.2ms)[0m  [1m[35mPRAGMA defer_foreign_keys[0m
  [1m[35m (0.1ms)[0m  [1m[35mPRAGMA defer_foreign_keys = ON[0m
  [1m[35m (0.1ms)[0m  [1m[35mPRAGMA foreign_keys = OFF[0m
  [1m[35m (0.4ms)[0m  [1m[35mCREATE TEMPORARY TABLE "abooks" ("id" integer NOT NULL PRIMARY KEY, "author_id" integer NOT NULL, "created_at" datetime(6) NOT NULL, "updated_at" datetime(6) NOT NULL)[0m
  [1m[35m (0.3ms)[0m  [1m[35mCREATE INDEX "tindex_abooks_on_author_id" ON "abooks" ("author_id")[0m
  [1m[35m (0.2ms)[0m  [1m[32mINSERT INTO "abooks" ("id","author_id","created_at","updated_at")
                     SELECT "id","author_id","created_at","updated_at" FROM "books"[0m
  [1m[35m (0.6ms)[0m  [1m[35mDROP TABLE "books"[0m
  [1m[35m (0.3ms)[0m  [1m[35mCREATE TABLE "books" ("id" integer NOT NULL PRIMARY KEY, "author_id" integer NOT NULL, "created_at" datetime(6) NOT NULL, "updated_at" datetime(6) NOT NULL, CONSTRAINT "fk_rails_53d51ce16a"
FOREIGN KEY ("author_id")
  REFERENCES "authors" ("id")
)[0m
  [1m[35m (0.2ms)[0m  [1m[35mCREATE INDEX "index_books_on_author_id" ON "books" ("author_id")[0m
  [1m[35m (0.1ms)[0m  [1m[32mINSERT INTO "books" ("id","author_id","created_at","updated_at")
                     SELECT "id","author_id","created_at","updated_at" FROM "abooks"[0m
  [1m[35m (0.2ms)[0m  [1m[35mDROP TABLE "abooks"[0m
  [1m[35m (0.1ms)[0m  [1m[35mPRAGMA defer_foreign_keys = 0[0m
  [1m[35m (0.1ms)[0m  [1m[35mPRAGMA foreign_keys = 1[0m
  [1m[36mTRANSACTION (103.1ms)[0m  [1m[36mcommit transaction[0m
  [1m[36mTRANSACTION (0.1ms)[0m  [1m[36mbegin transaction[0m
  [1m[35m (0.2ms)[0m  [1m[35mPRAGMA foreign_keys[0m
  [1m[35m (0.1ms)[0m  [1m[35mPRAGMA defer_foreign_keys[0m
  [1m[35m (0.2ms)[0m  [1m[35mPRAGMA defer_foreign_keys = ON[0m
  [1m[35m (0.1ms)[0m  [1m[35mPRAGMA foreign_keys = OFF[0m
  [1m[35m (0.4ms)[0m  [1m[35mCREATE TEMPORARY TABLE "amountings" ("id" integer NOT NULL PRIMARY KEY, "book_id" integer NOT NULL, "created_at" datetime(6) NOT NULL, "updated_at" datetime(6) NOT NULL)[0m
  [1m[35m (0.4ms)[0m  [1m[35mCREATE INDEX "tindex_amountings_on_book_id" ON "amountings" ("book_id")[0m
  [1m[35m (0.2ms)[0m  [1m[32mINSERT INTO "amountings" ("id","book_id","created_at","updated_at")
                     SELECT "id","book_id","created_at","updated_at" FROM "mountings"[0m
  [1m[35m (0.5ms)[0m  [1m[35mDROP TABLE "mountings"[0m
  [1m[35m (0.4ms)[0m  [1m[35mCREATE TABLE "mountings" ("id" integer NOT NULL PRIMARY KEY, "book_id" integer NOT NULL, "created_at" datetime(6) NOT NULL, "updated_at" datetime(6) NOT NULL, CONSTRAINT "fk_rails_f46a28fa64"
FOREIGN KEY ("book_id")
  REFERENCES "books" ("id")
)[0m
  [1m[35m (0.3ms)[0m  [1m[35mCREATE INDEX "index_mountings_on_book_id" ON "mountings" ("book_id")[0m
  [1m[35m (0.1ms)[0m  [1m[32mINSERT INTO "mountings" ("id","book_id","created_at","updated_at")
                     SELECT "id","book_id","created_at","updated_at" FROM "amountings"[0m
  [1m[35m (0.2ms)[0m  [1m[35mDROP TABLE "amountings"[0m
  [1m[35m (0.1ms)[0m  [1m[35mPRAGMA defer_foreign_keys = 0[0m
  [1m[35m (0.1ms)[0m  [1m[35mPRAGMA foreign_keys = 1[0m
  [1m[36mTRANSACTION (151.2ms)[0m  [1m[36mcommit transaction[0m
  [1m[36mTRANSACTION (0.1ms)[0m  [1m[36mbegin transaction[0m
  [1m[35m (0.1ms)[0m  [1m[35mPRAGMA foreign_keys[0m
  [1m[35m (0.1ms)[0m  [1m[35mPRAGMA defer_foreign_keys[0m
  [1m[35m (0.1ms)[0m  [1m[35mPRAGMA defer_foreign_keys = ON[0m
  [1m[35m (0.1ms)[0m  [1m[35mPRAGMA foreign_keys = OFF[0m
  [1m[35m (0.3ms)[0m  [1m[35mCREATE TEMPORARY TABLE "aparts" ("id" integer NOT NULL PRIMARY KEY, "provider_id" integer NOT NULL, "created_at" datetime(6) NOT NULL, "updated_at" datetime(6) NOT NULL)[0m
  [1m[35m (0.3ms)[0m  [1m[35mCREATE INDEX "tindex_aparts_on_provider_id" ON "aparts" ("provider_id")[0m
  [1m[35m (0.1ms)[0m  [1m[32mINSERT INTO "aparts" ("id","provider_id","created_at","updated_at")
                     SELECT "id","provider_id","created_at","updated_at" FROM "parts"[0m
  [1m[35m (0.9ms)[0m  [1m[35mDROP TABLE "parts"[0m
  [1m[35m (0.2ms)[0m  [1m[35mCREATE TABLE "parts" ("id" integer NOT NULL PRIMARY KEY, "provider_id" integer NOT NULL, "created_at" datetime(6) NOT NULL, "updated_at" datetime(6) NOT NULL, CONSTRAINT "fk_rails_73b2fc4d42"
FOREIGN KEY ("provider_id")
  REFERENCES "providers" ("id")
)[0m
  [1m[35m (0.2ms)[0m  [1m[35mCREATE INDEX "index_parts_on_provider_id" ON "parts" ("provider_id")[0m
  [1m[35m (0.1ms)[0m  [1m[32mINSERT INTO "parts" ("id","provider_id","created_at","updated_at")
                     SELECT "id","provider_id","created_at","updated_at" FROM "aparts"[0m
  [1m[35m (0.1ms)[0m  [1m[35mDROP TABLE "aparts"[0m
  [1m[35m (0.0ms)[0m  [1m[35mPRAGMA defer_foreign_keys = 0[0m
  [1m[35m (0.0ms)[0m  [1m[35mPRAGMA foreign_keys = 1[0m
  [1m[36mTRANSACTION (127.8ms)[0m  [1m[36mcommit transaction[0m
  [1m[35m (203.2ms)[0m  [1m[35mCREATE TABLE "schema_migrations" ("version" varchar NOT NULL PRIMARY KEY)[0m
  [1m[36mActiveRecord::SchemaMigration Pluck (0.1ms)[0m  [1m[34mSELECT "schema_migrations"."version" FROM "schema_migrations" ORDER BY "schema_migrations"."version" ASC[0m
  [1m[35m (144.8ms)[0m  [1m[32mINSERT INTO "schema_migrations" (version) VALUES (20220809235336)[0m
  [1m[35m (97.7ms)[0m  [1m[32mINSERT INTO "schema_migrations" (version) VALUES
(20220809234147),
(20220809234241),
(20220809234724),
(20220809234810),
(20220809235107);

[0m
  [1m[35m (181.9ms)[0m  [1m[35mCREATE TABLE "ar_internal_metadata" ("key" varchar NOT NULL PRIMARY KEY, "value" varchar, "created_at" datetime(6) NOT NULL, "updated_at" datetime(6) NOT NULL)[0m
  [1m[36mActiveRecord::InternalMetadata Load (0.2ms)[0m  [1m[34mSELECT "ar_internal_metadata".* FROM "ar_internal_metadata" WHERE "ar_internal_metadata"."key" = ? LIMIT ?[0m  [["key", "environment"], ["LIMIT", 1]]
  [1m[36mTRANSACTION (0.1ms)[0m  [1m[36mbegin transaction[0m
  [1m[36mActiveRecord::InternalMetadata Create (0.3ms)[0m  [1m[32mINSERT INTO "ar_internal_metadata" ("key", "value", "created_at", "updated_at") VALUES (?, ?, ?, ?)[0m  [["key", "environment"], ["value", "development"], ["created_at", "2022-08-10 00:34:34.454469"], ["updated_at", "2022-08-10 00:34:34.454469"]]
  [1m[36mTRANSACTION (102.0ms)[0m  [1m[36mcommit transaction[0m
  [1m[36mActiveRecord::InternalMetadata Load (0.1ms)[0m  [1m[34mSELECT "ar_internal_metadata".* FROM "ar_internal_metadata" WHERE "ar_internal_metadata"."key" = ? LIMIT ?[0m  [["key", "environment"], ["LIMIT", 1]]
  [1m[36mTRANSACTION (0.1ms)[0m  [1m[36mbegin transaction[0m
  [1m[36mActiveRecord::InternalMetadata Update (0.4ms)[0m  [1m[33mUPDATE "ar_internal_metadata" SET "value" = ?, "updated_at" = ? WHERE "ar_internal_metadata"."key" = ?[0m  [["value", "test"], ["updated_at", "2022-08-10 00:34:34.563659"], ["key", "environment"]]
  [1m[36mTRANSACTION (104.1ms)[0m  [1m[36mcommit transaction[0m
  [1m[36mActiveRecord::InternalMetadata Load (0.1ms)[0m  [1m[34mSELECT "ar_internal_metadata".* FROM "ar_internal_metadata" WHERE "ar_internal_metadata"."key" = ? LIMIT ?[0m  [["key", "schema_sha1"], ["LIMIT", 1]]
  [1m[36mTRANSACTION (0.0ms)[0m  [1m[36mbegin transaction[0m
  [1m[36mActiveRecord::InternalMetadata Create (0.2ms)[0m  [1m[32mINSERT INTO "ar_internal_metadata" ("key", "value", "created_at", "updated_at") VALUES (?, ?, ?, ?)[0m  [["key", "schema_sha1"], ["value", "09bbdf59c731fe55c4bc306c4e0ef9054d1939f4"], ["created_at", "2022-08-10 00:34:34.672411"], ["updated_at", "2022-08-10 00:34:34.672411"]]
  [1m[36mTRANSACTION (106.2ms)[0m  [1m[36mcommit transaction[0m
  [1m[35m (0.0ms)[0m  [1m[34mSELECT sqlite_version(*)[0m
  [1m[36mActiveRecord::SchemaMigration Pluck (0.1ms)[0m  [1m[34mSELECT "schema_migrations"."version" FROM "schema_migrations" ORDER BY "schema_migrations"."version" ASC[0m
  [1m[35m (0.3ms)[0m  [1m[34mSELECT sqlite_version(*)[0m
  [1m[36mActiveRecord::SchemaMigration Pluck (0.1ms)[0m  [1m[34mSELECT "schema_migrations"."version" FROM "schema_migrations" ORDER BY "schema_migrations"."version" ASC[0m
  [1m[36mActiveRecord::InternalMetadata Load (0.1ms)[0m  [1m[34mSELECT "ar_internal_metadata".* FROM "ar_internal_metadata" WHERE "ar_internal_metadata"."key" = ? LIMIT ?[0m  [["key", "environment"], ["LIMIT", 1]]
  [1m[35m (0.0ms)[0m  [1m[34mSELECT sqlite_version(*)[0m
  [1m[36mActiveRecord::SchemaMigration Pluck (0.1ms)[0m  [1m[34mSELECT "schema_migrations"."version" FROM "schema_migrations" ORDER BY "schema_migrations"."version" ASC[0m
  [1m[35m (0.3ms)[0m  [1m[34mSELECT sqlite_version(*)[0m
  [1m[36mActiveRecord::SchemaMigration Pluck (0.1ms)[0m  [1m[34mSELECT "schema_migrations"."version" FROM "schema_migrations" ORDER BY "schema_migrations"."version" ASC[0m
  [1m[36mActiveRecord::InternalMetadata Pluck (0.1ms)[0m  [1m[34mSELECT "ar_internal_metadata"."value" FROM "ar_internal_metadata" WHERE "ar_internal_metadata"."key" = ? LIMIT ?[0m  [["key", "environment"], ["LIMIT", 1]]
  [1m[36mActiveRecord::SchemaMigration Pluck (0.0ms)[0m  [1m[34mSELECT "schema_migrations"."version" FROM "schema_migrations" ORDER BY "schema_migrations"."version" ASC[0m
  [1m[36mActiveRecord::InternalMetadata Pluck (0.0ms)[0m  [1m[34mSELECT "ar_internal_metadata"."value" FROM "ar_internal_metadata" WHERE "ar_internal_metadata"."key" = ? LIMIT ?[0m  [["key", "environment"], ["LIMIT", 1]]
  [1m[36mActiveRecord::SchemaMigration Pluck (0.0ms)[0m  [1m[34mSELECT "schema_migrations"."version" FROM "schema_migrations" ORDER BY "schema_migrations"."version" ASC[0m
  [1m[36mActiveRecord::InternalMetadata Pluck (0.0ms)[0m  [1m[34mSELECT "ar_internal_metadata"."value" FROM "ar_internal_metadata" WHERE "ar_internal_metadata"."key" = ? LIMIT ?[0m  [["key", "environment"], ["LIMIT", 1]]
  [1m[35m (0.0ms)[0m  [1m[34mSELECT sqlite_version(*)[0m
  [1m[35m (98.4ms)[0m  [1m[35mDROP TABLE IF EXISTS "accounts"[0m
  [1m[35m (107.3ms)[0m  [1m[35mCREATE TABLE "accounts" ("id" integer PRIMARY KEY AUTOINCREMENT NOT NULL, "provider_id" integer NOT NULL, "created_at" datetime(6) NOT NULL, "updated_at" datetime(6) NOT NULL)[0m
  [1m[35m (107.7ms)[0m  [1m[35mCREATE INDEX "index_accounts_on_provider_id" ON "accounts" ("provider_id")[0m
  [1m[35m (107.6ms)[0m  [1m[35mDROP TABLE IF EXISTS "authors"[0m
  [1m[35m (107.9ms)[0m  [1m[35mCREATE TABLE "authors" ("id" integer PRIMARY KEY AUTOINCREMENT NOT NULL, "created_at" datetime(6) NOT NULL, "updated_at" datetime(6) NOT NULL)[0m
  [1m[35m (107.6ms)[0m  [1m[35mDROP TABLE IF EXISTS "books"[0m
  [1m[35m (107.9ms)[0m  [1m[35mCREATE TABLE "books" ("id" integer PRIMARY KEY AUTOINCREMENT NOT NULL, "author_id" integer NOT NULL, "created_at" datetime(6) NOT NULL, "updated_at" datetime(6) NOT NULL)[0m
  [1m[35m (107.9ms)[0m  [1m[35mCREATE INDEX "index_books_on_author_id" ON "books" ("author_id")[0m
  [1m[35m (107.1ms)[0m  [1m[35mDROP TABLE IF EXISTS "mountings"[0m
  [1m[35m (107.8ms)[0m  [1m[35mCREATE TABLE "mountings" ("id" integer PRIMARY KEY AUTOINCREMENT NOT NULL, "book_id" integer NOT NULL, "created_at" datetime(6) NOT NULL, "updated_at" datetime(6) NOT NULL)[0m
  [1m[35m (107.9ms)[0m  [1m[35mCREATE INDEX "index_mountings_on_book_id" ON "mountings" ("book_id")[0m
  [1m[35m (107.5ms)[0m  [1m[35mDROP TABLE IF EXISTS "parts"[0m
  [1m[35m (107.9ms)[0m  [1m[35mCREATE TABLE "parts" ("id" integer PRIMARY KEY AUTOINCREMENT NOT NULL, "provider_id" integer NOT NULL, "created_at" datetime(6) NOT NULL, "updated_at" datetime(6) NOT NULL)[0m
  [1m[35m (107.4ms)[0m  [1m[35mCREATE INDEX "index_parts_on_provider_id" ON "parts" ("provider_id")[0m
  [1m[35m (107.5ms)[0m  [1m[35mDROP TABLE IF EXISTS "providers"[0m
  [1m[35m (107.9ms)[0m  [1m[35mCREATE TABLE "providers" ("id" integer PRIMARY KEY AUTOINCREMENT NOT NULL, "created_at" datetime(6) NOT NULL, "updated_at" datetime(6) NOT NULL)[0m
  [1m[36mTRANSACTION (0.1ms)[0m  [1m[36mbegin transaction[0m
  [1m[35m (0.1ms)[0m  [1m[35mPRAGMA foreign_keys[0m
  [1m[35m (0.0ms)[0m  [1m[35mPRAGMA defer_foreign_keys[0m
  [1m[35m (0.0ms)[0m  [1m[35mPRAGMA defer_foreign_keys = ON[0m
  [1m[35m (0.0ms)[0m  [1m[35mPRAGMA foreign_keys = OFF[0m
  [1m[35m (0.1ms)[0m  [1m[35mCREATE TEMPORARY TABLE "aaccounts" ("id" integer NOT NULL PRIMARY KEY, "provider_id" integer NOT NULL, "created_at" datetime(6) NOT NULL, "updated_at" datetime(6) NOT NULL)[0m
  [1m[35m (0.1ms)[0m  [1m[35mCREATE INDEX "tindex_aaccounts_on_provider_id" ON "aaccounts" ("provider_id")[0m
  [1m[35m (0.0ms)[0m  [1m[32mINSERT INTO "aaccounts" ("id","provider_id","created_at","updated_at")
                     SELECT "id","provider_id","created_at","updated_at" FROM "accounts"[0m
  [1m[35m (0.1ms)[0m  [1m[35mDROP TABLE "accounts"[0m
  [1m[35m (0.1ms)[0m  [1m[35mCREATE TABLE "accounts" ("id" integer NOT NULL PRIMARY KEY, "provider_id" integer NOT NULL, "created_at" datetime(6) NOT NULL, "updated_at" datetime(6) NOT NULL, CONSTRAINT "fk_rails_25523b481f"
FOREIGN KEY ("provider_id")
  REFERENCES "providers" ("id")
)[0m
  [1m[35m (0.1ms)[0m  [1m[35mCREATE INDEX "index_accounts_on_provider_id" ON "accounts" ("provider_id")[0m
  [1m[35m (0.0ms)[0m  [1m[32mINSERT INTO "accounts" ("id","provider_id","created_at","updated_at")
                     SELECT "id","provider_id","created_at","updated_at" FROM "aaccounts"[0m
  [1m[35m (0.1ms)[0m  [1m[35mDROP TABLE "aaccounts"[0m
  [1m[35m (0.0ms)[0m  [1m[35mPRAGMA defer_foreign_keys = 0[0m
  [1m[35m (0.0ms)[0m  [1m[35mPRAGMA foreign_keys = 1[0m
  [1m[36mTRANSACTION (107.5ms)[0m  [1m[36mcommit transaction[0m
  [1m[36mTRANSACTION (0.1ms)[0m  [1m[36mbegin transaction[0m
  [1m[35m (0.1ms)[0m  [1m[35mPRAGMA foreign_keys[0m
  [1m[35m (0.1ms)[0m  [1m[35mPRAGMA defer_foreign_keys[0m
  [1m[35m (0.1ms)[0m  [1m[35mPRAGMA defer_foreign_keys = ON[0m
  [1m[35m (0.1ms)[0m  [1m[35mPRAGMA foreign_keys = OFF[0m
  [1m[35m (0.4ms)[0m  [1m[35mCREATE TEMPORARY TABLE "abooks" ("id" integer NOT NULL PRIMARY KEY, "author_id" integer NOT NULL, "created_at" datetime(6) NOT NULL, "updated_at" datetime(6) NOT NULL)[0m
  [1m[35m (0.4ms)[0m  [1m[35mCREATE INDEX "tindex_abooks_on_author_id" ON "abooks" ("author_id")[0m
  [1m[35m (0.2ms)[0m  [1m[32mINSERT INTO "abooks" ("id","author_id","created_at","updated_at")
                     SELECT "id","author_id","created_at","updated_at" FROM "books"[0m
  [1m[35m (0.5ms)[0m  [1m[35mDROP TABLE "books"[0m
  [1m[35m (0.3ms)[0m  [1m[35mCREATE TABLE "books" ("id" integer NOT NULL PRIMARY KEY, "author_id" integer NOT NULL, "created_at" datetime(6) NOT NULL, "updated_at" datetime(6) NOT NULL, CONSTRAINT "fk_rails_53d51ce16a"
FOREIGN KEY ("author_id")
  REFERENCES "authors" ("id")
)[0m
  [1m[35m (0.2ms)[0m  [1m[35mCREATE INDEX "index_books_on_author_id" ON "books" ("author_id")[0m
  [1m[35m (0.1ms)[0m  [1m[32mINSERT INTO "books" ("id","author_id","created_at","updated_at")
                     SELECT "id","author_id","created_at","updated_at" FROM "abooks"[0m
  [1m[35m (0.2ms)[0m  [1m[35mDROP TABLE "abooks"[0m
  [1m[35m (0.1ms)[0m  [1m[35mPRAGMA defer_foreign_keys = 0[0m
  [1m[35m (0.1ms)[0m  [1m[35mPRAGMA foreign_keys = 1[0m
  [1m[36mTRANSACTION (105.4ms)[0m  [1m[36mcommit transaction[0m
  [1m[36mTRANSACTION (0.1ms)[0m  [1m[36mbegin transaction[0m
  [1m[35m (0.1ms)[0m  [1m[35mPRAGMA foreign_keys[0m
  [1m[35m (0.1ms)[0m  [1m[35mPRAGMA defer_foreign_keys[0m
  [1m[35m (0.1ms)[0m  [1m[35mPRAGMA defer_foreign_keys = ON[0m
  [1m[35m (0.1ms)[0m  [1m[35mPRAGMA foreign_keys = OFF[0m
  [1m[35m (0.4ms)[0m  [1m[35mCREATE TEMPORARY TABLE "amountings" ("id" integer NOT NULL PRIMARY KEY, "book_id" integer NOT NULL, "created_at" datetime(6) NOT NULL, "updated_at" datetime(6) NOT NULL)[0m
  [1m[35m (0.3ms)[0m  [1m[35mCREATE INDEX "tindex_amountings_on_book_id" ON "amountings" ("book_id")[0m
  [1m[35m (0.2ms)[0m  [1m[32mINSERT INTO "amountings" ("id","book_id","created_at","updated_at")
                     SELECT "id","book_id","created_at","updated_at" FROM "mountings"[0m
  [1m[35m (0.5ms)[0m  [1m[35mDROP TABLE "mountings"[0m
  [1m[35m (0.4ms)[0m  [1m[35mCREATE TABLE "mountings" ("id" integer NOT NULL PRIMARY KEY, "book_id" integer NOT NULL, "created_at" datetime(6) NOT NULL, "updated_at" datetime(6) NOT NULL, CONSTRAINT "fk_rails_f46a28fa64"
FOREIGN KEY ("book_id")
  REFERENCES "books" ("id")
)[0m
  [1m[35m (0.3ms)[0m  [1m[35mCREATE INDEX "index_mountings_on_book_id" ON "mountings" ("book_id")[0m
  [1m[35m (0.1ms)[0m  [1m[32mINSERT INTO "mountings" ("id","book_id","created_at","updated_at")
                     SELECT "id","book_id","created_at","updated_at" FROM "amountings"[0m
  [1m[35m (0.2ms)[0m  [1m[35mDROP TABLE "amountings"[0m
  [1m[35m (0.1ms)[0m  [1m[35mPRAGMA defer_foreign_keys = 0[0m
  [1m[35m (0.1ms)[0m  [1m[35mPRAGMA foreign_keys = 1[0m
  [1m[36mTRANSACTION (105.2ms)[0m  [1m[36mcommit transaction[0m
  [1m[36mTRANSACTION (0.1ms)[0m  [1m[36mbegin transaction[0m
  [1m[35m (0.1ms)[0m  [1m[35mPRAGMA foreign_keys[0m
  [1m[35m (0.1ms)[0m  [1m[35mPRAGMA defer_foreign_keys[0m
  [1m[35m (0.1ms)[0m  [1m[35mPRAGMA defer_foreign_keys = ON[0m
  [1m[35m (0.1ms)[0m  [1m[35mPRAGMA foreign_keys = OFF[0m
  [1m[35m (0.4ms)[0m  [1m[35mCREATE TEMPORARY TABLE "aparts" ("id" integer NOT NULL PRIMARY KEY, "provider_id" integer NOT NULL, "created_at" datetime(6) NOT NULL, "updated_at" datetime(6) NOT NULL)[0m
  [1m[35m (0.3ms)[0m  [1m[35mCREATE INDEX "tindex_aparts_on_provider_id" ON "aparts" ("provider_id")[0m
  [1m[35m (0.2ms)[0m  [1m[32mINSERT INTO "aparts" ("id","provider_id","created_at","updated_at")
                     SELECT "id","provider_id","created_at","updated_at" FROM "parts"[0m
  [1m[35m (0.5ms)[0m  [1m[35mDROP TABLE "parts"[0m
  [1m[35m (0.4ms)[0m  [1m[35mCREATE TABLE "parts" ("id" integer NOT NULL PRIMARY KEY, "provider_id" integer NOT NULL, "created_at" datetime(6) NOT NULL, "updated_at" datetime(6) NOT NULL, CONSTRAINT "fk_rails_73b2fc4d42"
FOREIGN KEY ("provider_id")
  REFERENCES "providers" ("id")
)[0m
  [1m[35m (0.3ms)[0m  [1m[35mCREATE INDEX "index_parts_on_provider_id" ON "parts" ("provider_id")[0m
  [1m[35m (0.2ms)[0m  [1m[32mINSERT INTO "parts" ("id","provider_id","created_at","updated_at")
                     SELECT "id","provider_id","created_at","updated_at" FROM "aparts"[0m
  [1m[35m (0.2ms)[0m  [1m[35mDROP TABLE "aparts"[0m
  [1m[35m (0.1ms)[0m  [1m[35mPRAGMA defer_foreign_keys = 0[0m
  [1m[35m (0.1ms)[0m  [1m[35mPRAGMA foreign_keys = 1[0m
  [1m[36mTRANSACTION (103.9ms)[0m  [1m[36mcommit transaction[0m
  [1m[36mActiveRecord::SchemaMigration Pluck (0.4ms)[0m  [1m[34mSELECT "schema_migrations"."version" FROM "schema_migrations" ORDER BY "schema_migrations"."version" ASC[0m
  [1m[36mActiveRecord::InternalMetadata Load (0.3ms)[0m  [1m[34mSELECT "ar_internal_metadata".* FROM "ar_internal_metadata" WHERE "ar_internal_metadata"."key" = ? LIMIT ?[0m  [["key", "environment"], ["LIMIT", 1]]
  [1m[36mActiveRecord::InternalMetadata Load (0.2ms)[0m  [1m[34mSELECT "ar_internal_metadata".* FROM "ar_internal_metadata" WHERE "ar_internal_metadata"."key" = ? LIMIT ?[0m  [["key", "environment"], ["LIMIT", 1]]
  [1m[36mActiveRecord::InternalMetadata Load (0.2ms)[0m  [1m[34mSELECT "ar_internal_metadata".* FROM "ar_internal_metadata" WHERE "ar_internal_metadata"."key" = ? LIMIT ?[0m  [["key", "schema_sha1"], ["LIMIT", 1]]
  [1m[35m (0.2ms)[0m  [1m[34mSELECT sqlite_version(*)[0m
  [1m[35m (98.4ms)[0m  [1m[35mDROP TABLE IF EXISTS "accounts"[0m
  [1m[35m (107.8ms)[0m  [1m[35mCREATE TABLE "accounts" ("id" integer PRIMARY KEY AUTOINCREMENT NOT NULL, "provider_id" integer NOT NULL, "created_at" datetime(6) NOT NULL, "updated_at" datetime(6) NOT NULL)[0m
  [1m[35m (107.9ms)[0m  [1m[35mCREATE INDEX "index_accounts_on_provider_id" ON "accounts" ("provider_id")[0m
  [1m[35m (107.4ms)[0m  [1m[35mDROP TABLE IF EXISTS "authors"[0m
  [1m[35m (107.8ms)[0m  [1m[35mCREATE TABLE "authors" ("id" integer PRIMARY KEY AUTOINCREMENT NOT NULL, "created_at" datetime(6) NOT NULL, "updated_at" datetime(6) NOT NULL)[0m
  [1m[35m (107.6ms)[0m  [1m[35mDROP TABLE IF EXISTS "books"[0m
  [1m[35m (107.8ms)[0m  [1m[35mCREATE TABLE "books" ("id" integer PRIMARY KEY AUTOINCREMENT NOT NULL, "author_id" integer NOT NULL, "created_at" datetime(6) NOT NULL, "updated_at" datetime(6) NOT NULL)[0m
  [1m[35m (107.9ms)[0m  [1m[35mCREATE INDEX "index_books_on_author_id" ON "books" ("author_id")[0m
  [1m[35m (151.8ms)[0m  [1m[35mDROP TABLE IF EXISTS "mountings"[0m
  [1m[35m (107.9ms)[0m  [1m[35mCREATE TABLE "mountings" ("id" integer PRIMARY KEY AUTOINCREMENT NOT NULL, "book_id" integer NOT NULL, "created_at" datetime(6) NOT NULL, "updated_at" datetime(6) NOT NULL)[0m
  [1m[35m (107.9ms)[0m  [1m[35mCREATE INDEX "index_mountings_on_book_id" ON "mountings" ("book_id")[0m
  [1m[35m (107.2ms)[0m  [1m[35mDROP TABLE IF EXISTS "parts"[0m
  [1m[35m (107.8ms)[0m  [1m[35mCREATE TABLE "parts" ("id" integer PRIMARY KEY AUTOINCREMENT NOT NULL, "provider_id" integer NOT NULL, "created_at" datetime(6) NOT NULL, "updated_at" datetime(6) NOT NULL)[0m
  [1m[35m (128.3ms)[0m  [1m[35mCREATE INDEX "index_parts_on_provider_id" ON "parts" ("provider_id")[0m
  [1m[35m (145.7ms)[0m  [1m[35mDROP TABLE IF EXISTS "providers"[0m
  [1m[35m (96.7ms)[0m  [1m[35mCREATE TABLE "providers" ("id" integer PRIMARY KEY AUTOINCREMENT NOT NULL, "created_at" datetime(6) NOT NULL, "updated_at" datetime(6) NOT NULL)[0m
  [1m[36mTRANSACTION (0.1ms)[0m  [1m[36mbegin transaction[0m
  [1m[35m (0.1ms)[0m  [1m[35mPRAGMA foreign_keys[0m
  [1m[35m (0.0ms)[0m  [1m[35mPRAGMA defer_foreign_keys[0m
  [1m[35m (0.0ms)[0m  [1m[35mPRAGMA defer_foreign_keys = ON[0m
  [1m[35m (0.0ms)[0m  [1m[35mPRAGMA foreign_keys = OFF[0m
  [1m[35m (0.1ms)[0m  [1m[35mCREATE TEMPORARY TABLE "aaccounts" ("id" integer NOT NULL PRIMARY KEY, "provider_id" integer NOT NULL, "created_at" datetime(6) NOT NULL, "updated_at" datetime(6) NOT NULL)[0m
  [1m[35m (0.1ms)[0m  [1m[35mCREATE INDEX "tindex_aaccounts_on_provider_id" ON "aaccounts" ("provider_id")[0m
  [1m[35m (0.0ms)[0m  [1m[32mINSERT INTO "aaccounts" ("id","provider_id","created_at","updated_at")
                     SELECT "id","provider_id","created_at","updated_at" FROM "accounts"[0m
  [1m[35m (0.1ms)[0m  [1m[35mDROP TABLE "accounts"[0m
  [1m[35m (0.1ms)[0m  [1m[35mCREATE TABLE "accounts" ("id" integer NOT NULL PRIMARY KEY, "provider_id" integer NOT NULL, "created_at" datetime(6) NOT NULL, "updated_at" datetime(6) NOT NULL, CONSTRAINT "fk_rails_25523b481f"
FOREIGN KEY ("provider_id")
  REFERENCES "providers" ("id")
)[0m
  [1m[35m (0.1ms)[0m  [1m[35mCREATE INDEX "index_accounts_on_provider_id" ON "accounts" ("provider_id")[0m
  [1m[35m (0.0ms)[0m  [1m[32mINSERT INTO "accounts" ("id","provider_id","created_at","updated_at")
                     SELECT "id","provider_id","created_at","updated_at" FROM "aaccounts"[0m
  [1m[35m (0.1ms)[0m  [1m[35mDROP TABLE "aaccounts"[0m
  [1m[35m (0.0ms)[0m  [1m[35mPRAGMA defer_foreign_keys = 0[0m
  [1m[35m (0.0ms)[0m  [1m[35mPRAGMA foreign_keys = 1[0m
  [1m[36mTRANSACTION (96.8ms)[0m  [1m[36mcommit transaction[0m
  [1m[36mTRANSACTION (0.1ms)[0m  [1m[36mbegin transaction[0m
  [1m[35m (0.1ms)[0m  [1m[35mPRAGMA foreign_keys[0m
  [1m[35m (0.1ms)[0m  [1m[35mPRAGMA defer_foreign_keys[0m
  [1m[35m (0.1ms)[0m  [1m[35mPRAGMA defer_foreign_keys = ON[0m
  [1m[35m (0.1ms)[0m  [1m[35mPRAGMA foreign_keys = OFF[0m
  [1m[35m (0.4ms)[0m  [1m[35mCREATE TEMPORARY TABLE "abooks" ("id" integer NOT NULL PRIMARY KEY, "author_id" integer NOT NULL, "created_at" datetime(6) NOT NULL, "updated_at" datetime(6) NOT NULL)[0m
  [1m[35m (0.4ms)[0m  [1m[35mCREATE INDEX "tindex_abooks_on_author_id" ON "abooks" ("author_id")[0m
  [1m[35m (0.2ms)[0m  [1m[32mINSERT INTO "abooks" ("id","author_id","created_at","updated_at")
                     SELECT "id","author_id","created_at","updated_at" FROM "books"[0m
  [1m[35m (0.5ms)[0m  [1m[35mDROP TABLE "books"[0m
  [1m[35m (0.4ms)[0m  [1m[35mCREATE TABLE "books" ("id" integer NOT NULL PRIMARY KEY, "author_id" integer NOT NULL, "created_at" datetime(6) NOT NULL, "updated_at" datetime(6) NOT NULL, CONSTRAINT "fk_rails_53d51ce16a"
FOREIGN KEY ("author_id")
  REFERENCES "authors" ("id")
)[0m
  [1m[35m (0.3ms)[0m  [1m[35mCREATE INDEX "index_books_on_author_id" ON "books" ("author_id")[0m
  [1m[35m (0.1ms)[0m  [1m[32mINSERT INTO "books" ("id","author_id","created_at","updated_at")
                     SELECT "id","author_id","created_at","updated_at" FROM "abooks"[0m
  [1m[35m (0.2ms)[0m  [1m[35mDROP TABLE "abooks"[0m
  [1m[35m (0.1ms)[0m  [1m[35mPRAGMA defer_foreign_keys = 0[0m
  [1m[35m (0.1ms)[0m  [1m[35mPRAGMA foreign_keys = 1[0m
  [1m[36mTRANSACTION (103.5ms)[0m  [1m[36mcommit transaction[0m
  [1m[36mTRANSACTION (0.1ms)[0m  [1m[36mbegin transaction[0m
  [1m[35m (0.1ms)[0m  [1m[35mPRAGMA foreign_keys[0m
  [1m[35m (0.2ms)[0m  [1m[35mPRAGMA defer_foreign_keys[0m
  [1m[35m (0.1ms)[0m  [1m[35mPRAGMA defer_foreign_keys = ON[0m
  [1m[35m (0.1ms)[0m  [1m[35mPRAGMA foreign_keys = OFF[0m
  [1m[35m (0.4ms)[0m  [1m[35mCREATE TEMPORARY TABLE "amountings" ("id" integer NOT NULL PRIMARY KEY, "book_id" integer NOT NULL, "created_at" datetime(6) NOT NULL, "updated_at" datetime(6) NOT NULL)[0m
  [1m[35m (0.4ms)[0m  [1m[35mCREATE INDEX "tindex_amountings_on_book_id" ON "amountings" ("book_id")[0m
  [1m[35m (0.2ms)[0m  [1m[32mINSERT INTO "amountings" ("id","book_id","created_at","updated_at")
                     SELECT "id","book_id","created_at","updated_at" FROM "mountings"[0m
  [1m[35m (0.5ms)[0m  [1m[35mDROP TABLE "mountings"[0m
  [1m[35m (0.4ms)[0m  [1m[35mCREATE TABLE "mountings" ("id" integer NOT NULL PRIMARY KEY, "book_id" integer NOT NULL, "created_at" datetime(6) NOT NULL, "updated_at" datetime(6) NOT NULL, CONSTRAINT "fk_rails_f46a28fa64"
FOREIGN KEY ("book_id")
  REFERENCES "books" ("id")
)[0m
  [1m[35m (0.2ms)[0m  [1m[35mCREATE INDEX "index_mountings_on_book_id" ON "mountings" ("book_id")[0m
  [1m[35m (0.1ms)[0m  [1m[32mINSERT INTO "mountings" ("id","book_id","created_at","updated_at")
                     SELECT "id","book_id","created_at","updated_at" FROM "amountings"[0m
  [1m[35m (0.2ms)[0m  [1m[35mDROP TABLE "amountings"[0m
  [1m[35m (0.1ms)[0m  [1m[35mPRAGMA defer_foreign_keys = 0[0m
  [1m[35m (0.1ms)[0m  [1m[35mPRAGMA foreign_keys = 1[0m
  [1m[36mTRANSACTION (104.7ms)[0m  [1m[36mcommit transaction[0m
  [1m[36mTRANSACTION (0.1ms)[0m  [1m[36mbegin transaction[0m
  [1m[35m (0.1ms)[0m  [1m[35mPRAGMA foreign_keys[0m
  [1m[35m (0.1ms)[0m  [1m[35mPRAGMA defer_foreign_keys[0m
  [1m[35m (0.1ms)[0m  [1m[35mPRAGMA defer_foreign_keys = ON[0m
  [1m[35m (0.1ms)[0m  [1m[35mPRAGMA foreign_keys = OFF[0m
  [1m[35m (0.4ms)[0m  [1m[35mCREATE TEMPORARY TABLE "aparts" ("id" integer NOT NULL PRIMARY KEY, "provider_id" integer NOT NULL, "created_at" datetime(6) NOT NULL, "updated_at" datetime(6) NOT NULL)[0m
  [1m[35m (0.3ms)[0m  [1m[35mCREATE INDEX "tindex_aparts_on_provider_id" ON "aparts" ("provider_id")[0m
  [1m[35m (0.2ms)[0m  [1m[32mINSERT INTO "aparts" ("id","provider_id","created_at","updated_at")
                     SELECT "id","provider_id","created_at","updated_at" FROM "parts"[0m
  [1m[35m (0.5ms)[0m  [1m[35mDROP TABLE "parts"[0m
  [1m[35m (0.4ms)[0m  [1m[35mCREATE TABLE "parts" ("id" integer NOT NULL PRIMARY KEY, "provider_id" integer NOT NULL, "created_at" datetime(6) NOT NULL, "updated_at" datetime(6) NOT NULL, CONSTRAINT "fk_rails_73b2fc4d42"
FOREIGN KEY ("provider_id")
  REFERENCES "providers" ("id")
)[0m
  [1m[35m (0.4ms)[0m  [1m[35mCREATE INDEX "index_parts_on_provider_id" ON "parts" ("provider_id")[0m
  [1m[35m (0.1ms)[0m  [1m[32mINSERT INTO "parts" ("id","provider_id","created_at","updated_at")
                     SELECT "id","provider_id","created_at","updated_at" FROM "aparts"[0m
  [1m[35m (0.2ms)[0m  [1m[35mDROP TABLE "aparts"[0m
  [1m[35m (0.1ms)[0m  [1m[35mPRAGMA defer_foreign_keys = 0[0m
  [1m[35m (0.1ms)[0m  [1m[35mPRAGMA foreign_keys = 1[0m
  [1m[36mTRANSACTION (103.9ms)[0m  [1m[36mcommit transaction[0m
  [1m[36mActiveRecord::SchemaMigration Pluck (0.3ms)[0m  [1m[34mSELECT "schema_migrations"."version" FROM "schema_migrations" ORDER BY "schema_migrations"."version" ASC[0m
  [1m[36mActiveRecord::InternalMetadata Load (0.3ms)[0m  [1m[34mSELECT "ar_internal_metadata".* FROM "ar_internal_metadata" WHERE "ar_internal_metadata"."key" = ? LIMIT ?[0m  [["key", "environment"], ["LIMIT", 1]]
  [1m[36mTRANSACTION (0.1ms)[0m  [1m[36mbegin transaction[0m
  [1m[36mActiveRecord::InternalMetadata Update (0.4ms)[0m  [1m[33mUPDATE "ar_internal_metadata" SET "value" = ?, "updated_at" = ? WHERE "ar_internal_metadata"."key" = ?[0m  [["value", "development"], ["updated_at", "2022-08-10 00:42:38.440246"], ["key", "environment"]]
  [1m[36mTRANSACTION (103.3ms)[0m  [1m[36mcommit transaction[0m
  [1m[36mActiveRecord::InternalMetadata Load (0.2ms)[0m  [1m[34mSELECT "ar_internal_metadata".* FROM "ar_internal_metadata" WHERE "ar_internal_metadata"."key" = ? LIMIT ?[0m  [["key", "environment"], ["LIMIT", 1]]
  [1m[36mTRANSACTION (0.1ms)[0m  [1m[36mbegin transaction[0m
  [1m[36mActiveRecord::InternalMetadata Update (0.4ms)[0m  [1m[33mUPDATE "ar_internal_metadata" SET "value" = ?, "updated_at" = ? WHERE "ar_internal_metadata"."key" = ?[0m  [["value", "test"], ["updated_at", "2022-08-10 00:42:38.556749"], ["key", "environment"]]
  [1m[36mTRANSACTION (122.1ms)[0m  [1m[36mcommit transaction[0m
  [1m[36mActiveRecord::InternalMetadata Load (0.3ms)[0m  [1m[34mSELECT "ar_internal_metadata".* FROM "ar_internal_metadata" WHERE "ar_internal_metadata"."key" = ? LIMIT ?[0m  [["key", "schema_sha1"], ["LIMIT", 1]]
  [1m[35m (0.3ms)[0m  [1m[34mSELECT sqlite_version(*)[0m
  [1m[36mActiveRecord::SchemaMigration Pluck (0.1ms)[0m  [1m[34mSELECT "schema_migrations"."version" FROM "schema_migrations" ORDER BY "schema_migrations"."version" ASC[0m
Migrating to CreateMountings (20220810004600)
  [1m[36mTRANSACTION (0.0ms)[0m  [1m[36mbegin transaction[0m
  [1m[35m (0.3ms)[0m  [1m[35mCREATE TABLE "mountings" ("id" integer PRIMARY KEY AUTOINCREMENT NOT NULL, "book_id" integer NOT NULL, "part_id" integer NOT NULL, "created_at" datetime(6) NOT NULL, "updated_at" datetime(6) NOT NULL, CONSTRAINT "fk_rails_f46a28fa64"
FOREIGN KEY ("book_id")
  REFERENCES "books" ("id")
, CONSTRAINT "fk_rails_de15caa992"
FOREIGN KEY ("part_id")
  REFERENCES "parts" ("id")
)[0m
  [1m[36mTRANSACTION (0.0ms)[0m  [1m[31mrollback transaction[0m
  [1m[35m (0.3ms)[0m  [1m[34mSELECT sqlite_version(*)[0m
  [1m[36mActiveRecord::SchemaMigration Pluck (0.1ms)[0m  [1m[34mSELECT "schema_migrations"."version" FROM "schema_migrations" ORDER BY "schema_migrations"."version" ASC[0m
  [1m[36mActiveRecord::InternalMetadata Pluck (0.1ms)[0m  [1m[34mSELECT "ar_internal_metadata"."value" FROM "ar_internal_metadata" WHERE "ar_internal_metadata"."key" = ? LIMIT ?[0m  [["key", "environment"], ["LIMIT", 1]]
  [1m[36mActiveRecord::SchemaMigration Pluck (0.1ms)[0m  [1m[34mSELECT "schema_migrations"."version" FROM "schema_migrations" ORDER BY "schema_migrations"."version" ASC[0m
  [1m[36mActiveRecord::InternalMetadata Pluck (0.1ms)[0m  [1m[34mSELECT "ar_internal_metadata"."value" FROM "ar_internal_metadata" WHERE "ar_internal_metadata"."key" = ? LIMIT ?[0m  [["key", "environment"], ["LIMIT", 1]]
  [1m[36mActiveRecord::SchemaMigration Pluck (0.0ms)[0m  [1m[34mSELECT "schema_migrations"."version" FROM "schema_migrations" ORDER BY "schema_migrations"."version" ASC[0m
  [1m[36mActiveRecord::InternalMetadata Pluck (0.0ms)[0m  [1m[34mSELECT "ar_internal_metadata"."value" FROM "ar_internal_metadata" WHERE "ar_internal_metadata"."key" = ? LIMIT ?[0m  [["key", "environment"], ["LIMIT", 1]]
  [1m[35m (0.3ms)[0m  [1m[34mSELECT sqlite_version(*)[0m
  [1m[35m (186.4ms)[0m  [1m[35mCREATE TABLE "schema_migrations" ("version" varchar NOT NULL PRIMARY KEY)[0m
  [1m[35m (128.9ms)[0m  [1m[35mCREATE TABLE "ar_internal_metadata" ("key" varchar NOT NULL PRIMARY KEY, "value" varchar, "created_at" datetime(6) NOT NULL, "updated_at" datetime(6) NOT NULL)[0m
  [1m[36mActiveRecord::SchemaMigration Pluck (0.3ms)[0m  [1m[34mSELECT "schema_migrations"."version" FROM "schema_migrations" ORDER BY "schema_migrations"."version" ASC[0m
Migrating to CreateAuthors (20220809234147)
  [1m[36mTRANSACTION (0.2ms)[0m  [1m[36mbegin transaction[0m
  [1m[35m (0.8ms)[0m  [1m[35mCREATE TABLE "authors" ("id" integer PRIMARY KEY AUTOINCREMENT NOT NULL, "created_at" datetime(6) NOT NULL, "updated_at" datetime(6) NOT NULL)[0m
  [1m[36mActiveRecord::SchemaMigration Create (0.6ms)[0m  [1m[32mINSERT INTO "schema_migrations" ("version") VALUES (?)[0m  [["version", "20220809234147"]]
  [1m[36mTRANSACTION (131.2ms)[0m  [1m[36mcommit transaction[0m
Migrating to CreateBooks (20220809234241)
  [1m[36mTRANSACTION (0.2ms)[0m  [1m[36mbegin transaction[0m
  [1m[35m (0.6ms)[0m  [1m[35mCREATE TABLE "books" ("id" integer PRIMARY KEY AUTOINCREMENT NOT NULL, "author_id" integer NOT NULL, "created_at" datetime(6) NOT NULL, "updated_at" datetime(6) NOT NULL, CONSTRAINT "fk_rails_53d51ce16a"
FOREIGN KEY ("author_id")
  REFERENCES "authors" ("id")
)[0m
  [1m[35m (0.4ms)[0m  [1m[35mCREATE INDEX "index_books_on_author_id" ON "books" ("author_id")[0m
  [1m[36mActiveRecord::SchemaMigration Create (0.3ms)[0m  [1m[32mINSERT INTO "schema_migrations" ("version") VALUES (?)[0m  [["version", "20220809234241"]]
  [1m[36mTRANSACTION (129.3ms)[0m  [1m[36mcommit transaction[0m
Migrating to CreateProviders (20220809234724)
  [1m[36mTRANSACTION (0.3ms)[0m  [1m[36mbegin transaction[0m
  [1m[35m (0.7ms)[0m  [1m[35mCREATE TABLE "providers" ("id" integer PRIMARY KEY AUTOINCREMENT NOT NULL, "created_at" datetime(6) NOT NULL, "updated_at" datetime(6) NOT NULL)[0m
  [1m[36mActiveRecord::SchemaMigration Create (0.3ms)[0m  [1m[32mINSERT INTO "schema_migrations" ("version") VALUES (?)[0m  [["version", "20220809234724"]]
  [1m[36mTRANSACTION (131.5ms)[0m  [1m[36mcommit transaction[0m
Migrating to CreateAccounts (20220809234810)
  [1m[36mTRANSACTION (0.1ms)[0m  [1m[36mbegin transaction[0m
  [1m[35m (0.6ms)[0m  [1m[35mCREATE TABLE "accounts" ("id" integer PRIMARY KEY AUTOINCREMENT NOT NULL, "provider_id" integer NOT NULL, "created_at" datetime(6) NOT NULL, "updated_at" datetime(6) NOT NULL, CONSTRAINT "fk_rails_25523b481f"
FOREIGN KEY ("provider_id")
  REFERENCES "providers" ("id")
)[0m
  [1m[35m (0.4ms)[0m  [1m[35mCREATE INDEX "index_accounts_on_provider_id" ON "accounts" ("provider_id")[0m
  [1m[36mActiveRecord::SchemaMigration Create (0.4ms)[0m  [1m[32mINSERT INTO "schema_migrations" ("version") VALUES (?)[0m  [["version", "20220809234810"]]
  [1m[36mTRANSACTION (261.1ms)[0m  [1m[36mcommit transaction[0m
Migrating to CreateParts (20220809235107)
  [1m[36mTRANSACTION (0.2ms)[0m  [1m[36mbegin transaction[0m
  [1m[35m (0.6ms)[0m  [1m[35mCREATE TABLE "parts" ("id" integer PRIMARY KEY AUTOINCREMENT NOT NULL, "provider_id" integer NOT NULL, "created_at" datetime(6) NOT NULL, "updated_at" datetime(6) NOT NULL, CONSTRAINT "fk_rails_73b2fc4d42"
FOREIGN KEY ("provider_id")
  REFERENCES "providers" ("id")
)[0m
  [1m[35m (0.3ms)[0m  [1m[35mCREATE INDEX "index_parts_on_provider_id" ON "parts" ("provider_id")[0m
  [1m[36mActiveRecord::SchemaMigration Create (0.3ms)[0m  [1m[32mINSERT INTO "schema_migrations" ("version") VALUES (?)[0m  [["version", "20220809235107"]]
  [1m[36mTRANSACTION (130.9ms)[0m  [1m[36mcommit transaction[0m
Migrating to CreateMountings (20220810004600)
  [1m[36mTRANSACTION (0.2ms)[0m  [1m[36mbegin transaction[0m
  [1m[35m (0.8ms)[0m  [1m[35mCREATE TABLE "mountings" ("id" integer PRIMARY KEY AUTOINCREMENT NOT NULL, "book_id" integer NOT NULL, "part_id" integer NOT NULL, "created_at" datetime(6) NOT NULL, "updated_at" datetime(6) NOT NULL, CONSTRAINT "fk_rails_f46a28fa64"
FOREIGN KEY ("book_id")
  REFERENCES "books" ("id")
, CONSTRAINT "fk_rails_de15caa992"
FOREIGN KEY ("part_id")
  REFERENCES "parts" ("id")
)[0m
  [1m[35m (0.5ms)[0m  [1m[35mCREATE INDEX "index_mountings_on_book_id" ON "mountings" ("book_id")[0m
  [1m[35m (0.3ms)[0m  [1m[35mCREATE INDEX "index_mountings_on_part_id" ON "mountings" ("part_id")[0m
  [1m[36mActiveRecord::SchemaMigration Create (0.3ms)[0m  [1m[32mINSERT INTO "schema_migrations" ("version") VALUES (?)[0m  [["version", "20220810004600"]]
  [1m[36mTRANSACTION (125.8ms)[0m  [1m[36mcommit transaction[0m
  [1m[36mActiveRecord::InternalMetadata Load (0.3ms)[0m  [1m[34mSELECT "ar_internal_metadata".* FROM "ar_internal_metadata" WHERE "ar_internal_metadata"."key" = ? LIMIT ?[0m  [["key", "environment"], ["LIMIT", 1]]
  [1m[36mTRANSACTION (0.1ms)[0m  [1m[36mbegin transaction[0m
  [1m[36mActiveRecord::InternalMetadata Create (0.6ms)[0m  [1m[32mINSERT INTO "ar_internal_metadata" ("key", "value", "created_at", "updated_at") VALUES (?, ?, ?, ?)[0m  [["key", "environment"], ["value", "development"], ["created_at", "2022-08-10 00:51:43.443968"], ["updated_at", "2022-08-10 00:51:43.443968"]]
  [1m[36mTRANSACTION (96.6ms)[0m  [1m[36mcommit transaction[0m
  [1m[35m (0.3ms)[0m  [1m[34mSELECT sqlite_version(*)[0m
  [1m[36mActiveRecord::SchemaMigration Pluck (0.5ms)[0m  [1m[34mSELECT "schema_migrations"."version" FROM "schema_migrations" ORDER BY "schema_migrations"."version" ASC[0m
Started GET "/" for 127.0.0.1 at 2022-08-09 22:00:25 -0300
  [1m[35m (0.4ms)[0m  [1m[34mSELECT sqlite_version(*)[0m
  [1m[36mActiveRecord::SchemaMigration Pluck (0.1ms)[0m  [1m[34mSELECT "schema_migrations"."version" FROM "schema_migrations" ORDER BY "schema_migrations"."version" ASC[0m
Processing by Rails::WelcomeController#index as HTML
  Rendering /home/mauro/.asdf/installs/ruby/3.1.2/lib/ruby/gems/3.1.0/gems/railties-7.0.3.1/lib/rails/templates/rails/welcome/index.html.erb
  Rendered /home/mauro/.asdf/installs/ruby/3.1.2/lib/ruby/gems/3.1.0/gems/railties-7.0.3.1/lib/rails/templates/rails/welcome/index.html.erb (Duration: 1.7ms | Allocations: 657)
Completed 200 OK in 14ms (Views: 5.1ms | ActiveRecord: 0.0ms | Allocations: 5200)


Started GET "/mountings" for 127.0.0.1 at 2022-08-09 22:00:34 -0300
Processing by MountingsController#index as HTML
  Rendering layout layouts/application.html.erb
  Rendering mountings/index.html.erb within layouts/application
  [1m[36mMounting Load (0.5ms)[0m  [1m[34mSELECT "mountings".* FROM "mountings"[0m
  ↳ app/views/mountings/index.html.erb:6
  Rendered mountings/index.html.erb within layouts/application (Duration: 16.3ms | Allocations: 1440)
  Rendered layout layouts/application.html.erb (Duration: 825.0ms | Allocations: 102783)
Completed 200 OK in 911ms (Views: 828.1ms | ActiveRecord: 0.5ms | Allocations: 106367)


Started GET "/providers" for 127.0.0.1 at 2022-08-09 22:00:45 -0300
Processing by ProvidersController#index as HTML
  Rendering layout layouts/application.html.erb
  Rendering providers/index.html.erb within layouts/application
  [1m[36mProvider Load (0.6ms)[0m  [1m[34mSELECT "providers".* FROM "providers"[0m
  ↳ app/views/providers/index.html.erb:6
  Rendered providers/index.html.erb within layouts/application (Duration: 9.3ms | Allocations: 1336)
  Rendered layout layouts/application.html.erb (Duration: 22.4ms | Allocations: 4243)
Completed 200 OK in 109ms (Views: 25.1ms | ActiveRecord: 0.6ms | Allocations: 7025)


Started GET "/parts" for 127.0.0.1 at 2022-08-09 22:00:56 -0300
Processing by PartsController#index as HTML
  Rendering layout layouts/application.html.erb
  Rendering parts/index.html.erb within layouts/application
  [1m[36mPart Load (0.1ms)[0m  [1m[34mSELECT "parts".* FROM "parts"[0m
  ↳ app/views/parts/index.html.erb:6
  Rendered parts/index.html.erb within layouts/application (Duration: 1.6ms | Allocations: 1335)
  Rendered layout layouts/application.html.erb (Duration: 3.7ms | Allocations: 4242)
Completed 200 OK in 10ms (Views: 4.5ms | ActiveRecord: 0.1ms | Allocations: 6689)


Started GET "/authors" for 127.0.0.1 at 2022-08-09 22:01:03 -0300
Processing by AuthorsController#index as HTML
  Rendering layout layouts/application.html.erb
  Rendering authors/index.html.erb within layouts/application
  [1m[36mAuthor Load (0.1ms)[0m  [1m[34mSELECT "authors".* FROM "authors"[0m
  ↳ app/views/authors/index.html.erb:6
  Rendered authors/index.html.erb within layouts/application (Duration: 4.7ms | Allocations: 1305)
  Rendered layout layouts/application.html.erb (Duration: 18.3ms | Allocations: 4211)
Completed 200 OK in 23ms (Views: 19.1ms | ActiveRecord: 0.1ms | Allocations: 5937)


Started GET "/books" for 127.0.0.1 at 2022-08-09 22:01:09 -0300
Processing by BooksController#index as HTML
  Rendering layout layouts/application.html.erb
  Rendering books/index.html.erb within layouts/application
  [1m[36mBook Load (0.1ms)[0m  [1m[34mSELECT "books".* FROM "books"[0m
  ↳ app/views/books/index.html.erb:6
  Rendered books/index.html.erb within layouts/application (Duration: 6.2ms | Allocations: 1328)
  Rendered layout layouts/application.html.erb (Duration: 9.7ms | Allocations: 4234)
Completed 200 OK in 36ms (Views: 15.4ms | ActiveRecord: 0.1ms | Allocations: 6619)


